------------------------------------------------------
| Tools paths configured in setup.sh for TheFatRat |
------------------------------------------------------
                                                      
/usr/bin/xterm
/usr/bin/dig
/usr/bin/mcs
/usr/bin/gcc
/usr/sbin/apache2
/usr/bin/gnome-terminal
/usr/bin/upx
/usr/bin/ruby
/usr/bin/python2
/usr/bin/python3
/usr/bin/pip3
/usr/bin/openssl
/usr/bin/jarsigner
/usr/bin/unzip
/usr/bin/keytool
/usr/bin/zipalign
/usr/bin/x86_64-w64-mingw32-gcc
/usr/bin/i686-w64-mingw32-gcc
/usr/local/sbin/dx
/usr/local/sbin/aapt
/usr/local/sbin/apktool
/usr/local/sbin/baksmali
msfconsole
msfvenom
backdoor-factory
searchsploit
/root/Fatrat_Generated
/usr/local/sbin/fatrat
